Build started 6/12/2015 2:53:12 PM.
     1>Project "C:\Users\dschi_000\Documents\Whitworth Spring Semester 2015\HOMEWORK-5\12.20\12.20\12.20.vcxproj" on node 2 (Build target(s)).
     1>ClCompile:
         C:\Program Files (x86)\Microsoft Visual Studio 12.0\VC\bin\CL.exe /c /ZI /nologo /W3 /WX- /Od /Oy- /D WIN32 /D _DEBUG /D _CONSOLE /D _LIB /D _UNICODE /D UNICODE /Gm /EHsc /RTC1 /MDd /GS /fp:precise /Zc:wchar_t /Zc:forScope /Fo"Debug\\" /Fd"Debug\vc120.pdb" /Gd /TP /analyze- /errorReport:prompt Source.cpp
         Source.cpp
     1>c:\users\dschi_000\documents\whitworth spring semester 2015\homework-5\12.20\12.20\source.cpp(53): warning C4244: 'argument' : conversion from 'time_t' to 'unsigned int', possible loss of data
     1>c:\users\dschi_000\documents\whitworth spring semester 2015\homework-5\12.20\12.20\source.cpp(58): warning C4018: '<' : signed/unsigned mismatch
     1>c:\users\dschi_000\documents\whitworth spring semester 2015\homework-5\12.20\12.20\source.cpp(18): warning C4018: '<' : signed/unsigned mismatch
                 c:\users\dschi_000\documents\whitworth spring semester 2015\homework-5\12.20\12.20\source.cpp(57) : see reference to function template instantiation 'void shuffle<int>(std::vector<int,std::allocator<_Ty>> &)' being compiled
                 with
                 [
                     _Ty=int
                 ]
     1>c:\users\dschi_000\documents\whitworth spring semester 2015\homework-5\12.20\12.20\source.cpp(19): warning C4018: '<' : signed/unsigned mismatch
     1>c:\users\dschi_000\documents\whitworth spring semester 2015\homework-5\12.20\12.20\source.cpp(16): warning C4101: 'newnum' : unreferenced local variable
       Link:
         C:\Program Files (x86)\Microsoft Visual Studio 12.0\VC\bin\link.exe /ERRORREPORT:PROMPT /OUT:"C:\Users\dschi_000\Documents\Whitworth Spring Semester 2015\HOMEWORK-5\12.20\Debug\12.20.exe" /INCREMENTAL /NOLOGO kernel32.lib user32.lib gdi32.lib winspool.lib comdlg32.lib advapi32.lib shell32.lib ole32.lib oleaut32.lib uuid.lib odbc32.lib odbccp32.lib /MANIFEST /MANIFESTUAC:"level='asInvoker' uiAccess='false'" /manifest:embed /DEBUG /PDB:"C:\Users\dschi_000\Documents\Whitworth Spring Semester 2015\HOMEWORK-5\12.20\Debug\12.20.pdb" /SUBSYSTEM:CONSOLE /TLBID:1 /DYNAMICBASE /NXCOMPAT /IMPLIB:"C:\Users\dschi_000\Documents\Whitworth Spring Semester 2015\HOMEWORK-5\12.20\Debug\12.20.lib" /MACHINE:X86 Debug\Source.obj
         12.20.vcxproj -> C:\Users\dschi_000\Documents\Whitworth Spring Semester 2015\HOMEWORK-5\12.20\Debug\12.20.exe
     1>Done Building Project "C:\Users\dschi_000\Documents\Whitworth Spring Semester 2015\HOMEWORK-5\12.20\12.20\12.20.vcxproj" (Build target(s)).

Build succeeded.

Time Elapsed 00:00:02.88
